android-kotlin/feature_notification/build/intermediates/manifest_merge_blame_file/debug/processDebugManifest/manifest-merger-blame-debug-report.txt
1<?xml version="1.0" encoding="utf-8"?>
2<manifest xmlns:android="http://schemas.android.com/apk/res/android"
3    package="iss.nus.edu.sg.feature_notification" >
4
5    <uses-sdk android:minSdkVersion="29" />
6
7    <application>
7-->src\main\AndroidManifest.xml:4:5-7:19
8    </application>
9
10</manifest>